This file contains any messages produced by compilers while
running configure, to aid debugging if configure makes a mistake.

It was created by mlvpn configure 2.3.5, which was
generated by GNU Autoconf 2.69.  Invocation command line was

  $ ./configure --enable-filters LDFLAGS=-Wl,-Bdynamic --prefix=/mlvpn/mlvpn/ --enable-static --disable-shared

## --------- ##
## Platform. ##
## --------- ##

hostname = de0de3b9ebc0
uname -m = x86_64
uname -r = 5.6.18-300.fc32.x86_64
uname -s = Linux
uname -v = #1 SMP Wed Jun 10 21:38:25 UTC 2020

/usr/bin/uname -p = x86_64
/bin/uname -X     = unknown

/bin/arch              = x86_64
/usr/bin/arch -k       = unknown
/usr/convex/getsysinfo = unknown
/usr/bin/hostinfo      = unknown
/bin/machine           = unknown
/usr/bin/oslevel       = unknown
/bin/universe          = unknown

PATH: /usr/local/sbin
PATH: /usr/local/bin
PATH: /usr/sbin
PATH: /usr/bin
PATH: /sbin
PATH: /bin


## ----------- ##
## Core tests. ##
## ----------- ##

configure:2360: checking for a BSD-compatible install
configure:2428: result: /usr/bin/install -c
configure:2439: checking whether build environment is sane
configure:2494: result: yes
configure:2643: checking for a thread-safe mkdir -p
configure:2682: result: /usr/bin/mkdir -p
configure:2689: checking for gawk
configure:2719: result: no
configure:2689: checking for mawk
configure:2705: found /usr/bin/mawk
configure:2716: result: mawk
configure:2727: checking whether make sets $(MAKE)
configure:2749: result: yes
configure:2778: checking whether make supports nested variables
configure:2795: result: yes
configure:2923: checking whether to enable maintainer-specific portions of Makefiles
configure:2932: result: no
configure:2956: checking whether make supports nested variables
configure:2973: result: yes
configure:3040: checking for cc
configure:3056: found /usr/bin/cc
configure:3067: result: cc
configure:3098: checking for C compiler version
configure:3107: cc --version >&5
cc (Ubuntu 9.3.0-10ubuntu2) 9.3.0
Copyright (C) 2019 Free Software Foundation, Inc.
This is free software; see the source for copying conditions.  There is NO
warranty; not even for MERCHANTABILITY or FITNESS FOR A PARTICULAR PURPOSE.

configure:3118: $? = 0
configure:3107: cc -v >&5
Using built-in specs.
COLLECT_GCC=cc
COLLECT_LTO_WRAPPER=/usr/lib/gcc/x86_64-linux-gnu/9/lto-wrapper
OFFLOAD_TARGET_NAMES=nvptx-none:hsa
OFFLOAD_TARGET_DEFAULT=1
Target: x86_64-linux-gnu
Configured with: ../src/configure -v --with-pkgversion='Ubuntu 9.3.0-10ubuntu2' --with-bugurl=file:///usr/share/doc/gcc-9/README.Bugs --enable-languages=c,ada,c++,go,brig,d,fortran,objc,obj-c++,gm2 --prefix=/usr --with-gcc-major-version-only --program-suffix=-9 --program-prefix=x86_64-linux-gnu- --enable-shared --enable-linker-build-id --libexecdir=/usr/lib --without-included-gettext --enable-threads=posix --libdir=/usr/lib --enable-nls --enable-clocale=gnu --enable-libstdcxx-debug --enable-libstdcxx-time=yes --with-default-libstdcxx-abi=new --enable-gnu-unique-object --disable-vtable-verify --enable-plugin --enable-default-pie --with-system-zlib --with-target-system-zlib=auto --enable-objc-gc=auto --enable-multiarch --disable-werror --with-arch-32=i686 --with-abi=m64 --with-multilib-list=m32,m64,mx32 --enable-multilib --with-tune=generic --enable-offload-targets=nvptx-none,hsa --without-cuda-driver --enable-checking=release --build=x86_64-linux-gnu --host=x86_64-linux-gnu --target=x86_64-linux-gnu
Thread model: posix
gcc version 9.3.0 (Ubuntu 9.3.0-10ubuntu2) 
configure:3118: $? = 0
configure:3107: cc -V >&5
cc: error: unrecognized command line option '-V'
cc: fatal error: no input files
compilation terminated.
configure:3118: $? = 1
configure:3107: cc -qversion >&5
cc: error: unrecognized command line option '-qversion'; did you mean '--version'?
cc: fatal error: no input files
compilation terminated.
configure:3118: $? = 1
configure:3138: checking whether the C compiler works
configure:3160: cc   -Wl,-Bdynamic conftest.c  >&5
configure:3164: $? = 0
configure:3212: result: yes
configure:3215: checking for C compiler default output file name
configure:3217: result: a.out
configure:3223: checking for suffix of executables
configure:3230: cc -o conftest   -Wl,-Bdynamic conftest.c  >&5
configure:3234: $? = 0
configure:3256: result: 
configure:3278: checking whether we are cross compiling
configure:3286: cc -o conftest   -Wl,-Bdynamic conftest.c  >&5
configure:3290: $? = 0
configure:3297: ./conftest
configure:3301: $? = 0
configure:3289: result: no
configure:3294: checking for suffix of object files
configure:3316: cc -c   conftest.c >&5
configure:3320: $? = 0
configure:3341: result: o
configure:3345: checking whether we are using the GNU C compiler
configure:3364: cc -c   conftest.c >&5
configure:3364: $? = 0
configure:3373: result: yes
configure:3382: checking whether cc accepts -g
configure:3402: cc -c -g  conftest.c >&5
configure:3402: $? = 0
configure:3443: result: yes
configure:3460: checking for cc option to accept ISO C89
configure:3523: cc  -c -g -O2  conftest.c >&5
configure:3523: $? = 0
configure:3536: result: none needed
configure:3561: checking whether cc understands -c and -o together
configure:3583: cc -c conftest.c -o conftest2.o
configure:3586: $? = 0
configure:3583: cc -c conftest.c -o conftest2.o
configure:3586: $? = 0
configure:3598: result: yes
configure:3618: checking whether make supports the include directive
configure:3633: make -f confmf.GNU && cat confinc.out
this is the am__doit target
configure:3636: $? = 0
configure:3655: result: yes (GNU style)
configure:3680: checking dependency style of cc
configure:3791: result: gcc3
configure:3806: checking for cc option to accept ISO C99
configure:3955: cc  -c -g -O2  conftest.c >&5
configure:3955: $? = 0
configure:3968: result: none needed
configure:3983: checking for a sed that does not truncate output
configure:4047: result: /usr/bin/sed
configure:4059: checking how to run the C preprocessor
configure:4090: cc -E  conftest.c
configure:4090: $? = 0
configure:4104: cc -E  conftest.c
conftest.c:11:10: fatal error: ac_nonexistent.h: No such file or directory
   11 | #include <ac_nonexistent.h>
      |          ^~~~~~~~~~~~~~~~~~
compilation terminated.
configure:4104: $? = 1
configure: failed program was:
| /* confdefs.h */
| #define PACKAGE_NAME "mlvpn"
| #define PACKAGE_TARNAME "mlvpn"
| #define PACKAGE_VERSION "2.3.5"
| #define PACKAGE_STRING "mlvpn 2.3.5"
| #define PACKAGE_BUGREPORT "ed@zehome.com"
| #define PACKAGE_URL ""
| #define PACKAGE "mlvpn"
| #define VERSION "2.3.5"
| /* end confdefs.h.  */
| #include <ac_nonexistent.h>
configure:4129: result: cc -E
configure:4149: cc -E  conftest.c
configure:4149: $? = 0
configure:4163: cc -E  conftest.c
conftest.c:11:10: fatal error: ac_nonexistent.h: No such file or directory
   11 | #include <ac_nonexistent.h>
      |          ^~~~~~~~~~~~~~~~~~
compilation terminated.
configure:4163: $? = 1
configure: failed program was:
| /* confdefs.h */
| #define PACKAGE_NAME "mlvpn"
| #define PACKAGE_TARNAME "mlvpn"
| #define PACKAGE_VERSION "2.3.5"
| #define PACKAGE_STRING "mlvpn 2.3.5"
| #define PACKAGE_BUGREPORT "ed@zehome.com"
| #define PACKAGE_URL ""
| #define PACKAGE "mlvpn"
| #define VERSION "2.3.5"
| /* end confdefs.h.  */
| #include <ac_nonexistent.h>
configure:4192: checking for grep that handles long lines and -e
configure:4250: result: /usr/bin/grep
configure:4255: checking for egrep
configure:4317: result: /usr/bin/grep -E
configure:4322: checking for ANSI C header files
configure:4342: cc -c -g -O2  conftest.c >&5
configure:4342: $? = 0
configure:4415: cc -o conftest -g -O2  -Wl,-Bdynamic conftest.c  >&5
configure:4415: $? = 0
configure:4415: ./conftest
configure:4415: $? = 0
configure:4426: result: yes
configure:4439: checking for sys/types.h
configure:4439: cc -c -g -O2  conftest.c >&5
configure:4439: $? = 0
configure:4439: result: yes
configure:4439: checking for sys/stat.h
configure:4439: cc -c -g -O2  conftest.c >&5
configure:4439: $? = 0
configure:4439: result: yes
configure:4439: checking for stdlib.h
configure:4439: cc -c -g -O2  conftest.c >&5
configure:4439: $? = 0
configure:4439: result: yes
configure:4439: checking for string.h
configure:4439: cc -c -g -O2  conftest.c >&5
configure:4439: $? = 0
configure:4439: result: yes
configure:4439: checking for memory.h
configure:4439: cc -c -g -O2  conftest.c >&5
configure:4439: $? = 0
configure:4439: result: yes
configure:4439: checking for strings.h
configure:4439: cc -c -g -O2  conftest.c >&5
configure:4439: $? = 0
configure:4439: result: yes
configure:4439: checking for inttypes.h
configure:4439: cc -c -g -O2  conftest.c >&5
configure:4439: $? = 0
configure:4439: result: yes
configure:4439: checking for stdint.h
configure:4439: cc -c -g -O2  conftest.c >&5
configure:4439: $? = 0
configure:4439: result: yes
configure:4439: checking for unistd.h
configure:4439: cc -c -g -O2  conftest.c >&5
configure:4439: $? = 0
configure:4439: result: yes
configure:4452: checking minix/config.h usability
configure:4452: cc -c -g -O2  conftest.c >&5
conftest.c:54:10: fatal error: minix/config.h: No such file or directory
   54 | #include <minix/config.h>
      |          ^~~~~~~~~~~~~~~~
compilation terminated.
configure:4452: $? = 1
configure: failed program was:
| /* confdefs.h */
| #define PACKAGE_NAME "mlvpn"
| #define PACKAGE_TARNAME "mlvpn"
| #define PACKAGE_VERSION "2.3.5"
| #define PACKAGE_STRING "mlvpn 2.3.5"
| #define PACKAGE_BUGREPORT "ed@zehome.com"
| #define PACKAGE_URL ""
| #define PACKAGE "mlvpn"
| #define VERSION "2.3.5"
| #define STDC_HEADERS 1
| #define HAVE_SYS_TYPES_H 1
| #define HAVE_SYS_STAT_H 1
| #define HAVE_STDLIB_H 1
| #define HAVE_STRING_H 1
| #define HAVE_MEMORY_H 1
| #define HAVE_STRINGS_H 1
| #define HAVE_INTTYPES_H 1
| #define HAVE_STDINT_H 1
| #define HAVE_UNISTD_H 1
| /* end confdefs.h.  */
| #include <stdio.h>
| #ifdef HAVE_SYS_TYPES_H
| # include <sys/types.h>
| #endif
| #ifdef HAVE_SYS_STAT_H
| # include <sys/stat.h>
| #endif
| #ifdef STDC_HEADERS
| # include <stdlib.h>
| # include <stddef.h>
| #else
| # ifdef HAVE_STDLIB_H
| #  include <stdlib.h>
| # endif
| #endif
| #ifdef HAVE_STRING_H
| # if !defined STDC_HEADERS && defined HAVE_MEMORY_H
| #  include <memory.h>
| # endif
| # include <string.h>
| #endif
| #ifdef HAVE_STRINGS_H
| # include <strings.h>
| #endif
| #ifdef HAVE_INTTYPES_H
| # include <inttypes.h>
| #endif
| #ifdef HAVE_STDINT_H
| # include <stdint.h>
| #endif
| #ifdef HAVE_UNISTD_H
| # include <unistd.h>
| #endif
| #include <minix/config.h>
configure:4452: result: no
configure:4452: checking minix/config.h presence
configure:4452: cc -E  conftest.c
conftest.c:21:10: fatal error: minix/config.h: No such file or directory
   21 | #include <minix/config.h>
      |          ^~~~~~~~~~~~~~~~
compilation terminated.
configure:4452: $? = 1
configure: failed program was:
| /* confdefs.h */
| #define PACKAGE_NAME "mlvpn"
| #define PACKAGE_TARNAME "mlvpn"
| #define PACKAGE_VERSION "2.3.5"
| #define PACKAGE_STRING "mlvpn 2.3.5"
| #define PACKAGE_BUGREPORT "ed@zehome.com"
| #define PACKAGE_URL ""
| #define PACKAGE "mlvpn"
| #define VERSION "2.3.5"
| #define STDC_HEADERS 1
| #define HAVE_SYS_TYPES_H 1
| #define HAVE_SYS_STAT_H 1
| #define HAVE_STDLIB_H 1
| #define HAVE_STRING_H 1
| #define HAVE_MEMORY_H 1
| #define HAVE_STRINGS_H 1
| #define HAVE_INTTYPES_H 1
| #define HAVE_STDINT_H 1
| #define HAVE_UNISTD_H 1
| /* end confdefs.h.  */
| #include <minix/config.h>
configure:4452: result: no
configure:4452: checking for minix/config.h
configure:4452: result: no
configure:4473: checking whether it is safe to define __EXTENSIONS__
configure:4491: cc -c -g -O2  conftest.c >&5
configure:4491: $? = 0
configure:4498: result: yes
configure:4518: checking if compiler allows __attribute__ on return types
configure:4533: cc -c -g -O2  conftest.c >&5
configure:4533: $? = 0
configure:4534: result: yes
configure:4546: checking whether res_init is declared
configure:4546: cc -c -g -O2  conftest.c >&5
configure:4546: $? = 0
configure:4546: result: yes
configure:4563: checking for res_init in -lresolv
configure:4588: cc -o conftest -g -O2  -Wl,-Bdynamic conftest.c -lresolv   >&5
/usr/bin/ld: /tmp/ccWfNaBv.o: in function `main':
/mlvpn-2.3.5/conftest.c:39: undefined reference to `res_init'
collect2: error: ld returned 1 exit status
configure:4588: $? = 1
configure: failed program was:
| /* confdefs.h */
| #define PACKAGE_NAME "mlvpn"
| #define PACKAGE_TARNAME "mlvpn"
| #define PACKAGE_VERSION "2.3.5"
| #define PACKAGE_STRING "mlvpn 2.3.5"
| #define PACKAGE_BUGREPORT "ed@zehome.com"
| #define PACKAGE_URL ""
| #define PACKAGE "mlvpn"
| #define VERSION "2.3.5"
| #define STDC_HEADERS 1
| #define HAVE_SYS_TYPES_H 1
| #define HAVE_SYS_STAT_H 1
| #define HAVE_STDLIB_H 1
| #define HAVE_STRING_H 1
| #define HAVE_MEMORY_H 1
| #define HAVE_STRINGS_H 1
| #define HAVE_INTTYPES_H 1
| #define HAVE_STDINT_H 1
| #define HAVE_UNISTD_H 1
| #define __EXTENSIONS__ 1
| #define _ALL_SOURCE 1
| #define _GNU_SOURCE 1
| #define _POSIX_PTHREAD_SEMANTICS 1
| #define _TANDEM_SOURCE 1
| #define __USE_BSD 1
| #define HAVE_DECL_RES_INIT 1
| /* end confdefs.h.  */
| 
| /* Override any GCC internal prototype to avoid an error.
|    Use char because int might match the return type of a GCC
|    builtin and then its argument prototype would still apply.  */
| #ifdef __cplusplus
| extern "C"
| #endif
| char res_init ();
| int
| main ()
| {
| return res_init ();
|   ;
|   return 0;
| }
configure:4597: result: no
configure:4621: checking dirent.h usability
configure:4621: cc -c -g -O2  conftest.c >&5
configure:4621: $? = 0
configure:4621: result: yes
configure:4621: checking dirent.h presence
configure:4621: cc -E  conftest.c
configure:4621: $? = 0
configure:4621: result: yes
configure:4621: checking for dirent.h
configure:4621: result: yes
configure:4621: checking fcntl.h usability
configure:4621: cc -c -g -O2  conftest.c >&5
configure:4621: $? = 0
configure:4621: result: yes
configure:4621: checking fcntl.h presence
configure:4621: cc -E  conftest.c
configure:4621: $? = 0
configure:4621: result: yes
configure:4621: checking for fcntl.h
configure:4621: result: yes
configure:4621: checking sys/ndir.h usability
configure:4621: cc -c -g -O2  conftest.c >&5
conftest.c:63:10: fatal error: sys/ndir.h: No such file or directory
   63 | #include <sys/ndir.h>
      |          ^~~~~~~~~~~~
compilation terminated.
configure:4621: $? = 1
configure: failed program was:
| /* confdefs.h */
| #define PACKAGE_NAME "mlvpn"
| #define PACKAGE_TARNAME "mlvpn"
| #define PACKAGE_VERSION "2.3.5"
| #define PACKAGE_STRING "mlvpn 2.3.5"
| #define PACKAGE_BUGREPORT "ed@zehome.com"
| #define PACKAGE_URL ""
| #define PACKAGE "mlvpn"
| #define VERSION "2.3.5"
| #define STDC_HEADERS 1
| #define HAVE_SYS_TYPES_H 1
| #define HAVE_SYS_STAT_H 1
| #define HAVE_STDLIB_H 1
| #define HAVE_STRING_H 1
| #define HAVE_MEMORY_H 1
| #define HAVE_STRINGS_H 1
| #define HAVE_INTTYPES_H 1
| #define HAVE_STDINT_H 1
| #define HAVE_UNISTD_H 1
| #define __EXTENSIONS__ 1
| #define _ALL_SOURCE 1
| #define _GNU_SOURCE 1
| #define _POSIX_PTHREAD_SEMANTICS 1
| #define _TANDEM_SOURCE 1
| #define __USE_BSD 1
| #define HAVE_DECL_RES_INIT 1
| #define HAVE_DIRENT_H 1
| #define HAVE_FCNTL_H 1
| /* end confdefs.h.  */
| #include <stdio.h>
| #ifdef HAVE_SYS_TYPES_H
| # include <sys/types.h>
| #endif
| #ifdef HAVE_SYS_STAT_H
| # include <sys/stat.h>
| #endif
| #ifdef STDC_HEADERS
| # include <stdlib.h>
| # include <stddef.h>
| #else
| # ifdef HAVE_STDLIB_H
| #  include <stdlib.h>
| # endif
| #endif
| #ifdef HAVE_STRING_H
| # if !defined STDC_HEADERS && defined HAVE_MEMORY_H
| #  include <memory.h>
| # endif
| # include <string.h>
| #endif
| #ifdef HAVE_STRINGS_H
| # include <strings.h>
| #endif
| #ifdef HAVE_INTTYPES_H
| # include <inttypes.h>
| #endif
| #ifdef HAVE_STDINT_H
| # include <stdint.h>
| #endif
| #ifdef HAVE_UNISTD_H
| # include <unistd.h>
| #endif
| #include <sys/ndir.h>
configure:4621: result: no
configure:4621: checking sys/ndir.h presence
configure:4621: cc -E  conftest.c
conftest.c:30:10: fatal error: sys/ndir.h: No such file or directory
   30 | #include <sys/ndir.h>
      |          ^~~~~~~~~~~~
compilation terminated.
configure:4621: $? = 1
configure: failed program was:
| /* confdefs.h */
| #define PACKAGE_NAME "mlvpn"
| #define PACKAGE_TARNAME "mlvpn"
| #define PACKAGE_VERSION "2.3.5"
| #define PACKAGE_STRING "mlvpn 2.3.5"
| #define PACKAGE_BUGREPORT "ed@zehome.com"
| #define PACKAGE_URL ""
| #define PACKAGE "mlvpn"
| #define VERSION "2.3.5"
| #define STDC_HEADERS 1
| #define HAVE_SYS_TYPES_H 1
| #define HAVE_SYS_STAT_H 1
| #define HAVE_STDLIB_H 1
| #define HAVE_STRING_H 1
| #define HAVE_MEMORY_H 1
| #define HAVE_STRINGS_H 1
| #define HAVE_INTTYPES_H 1
| #define HAVE_STDINT_H 1
| #define HAVE_UNISTD_H 1
| #define __EXTENSIONS__ 1
| #define _ALL_SOURCE 1
| #define _GNU_SOURCE 1
| #define _POSIX_PTHREAD_SEMANTICS 1
| #define _TANDEM_SOURCE 1
| #define __USE_BSD 1
| #define HAVE_DECL_RES_INIT 1
| #define HAVE_DIRENT_H 1
| #define HAVE_FCNTL_H 1
| /* end confdefs.h.  */
| #include <sys/ndir.h>
configure:4621: result: no
configure:4621: checking for sys/ndir.h
configure:4621: result: no
configure:4621: checking sys/dir.h usability
configure:4621: cc -c -g -O2  conftest.c >&5
configure:4621: $? = 0
configure:4621: result: yes
configure:4621: checking sys/dir.h presence
configure:4621: cc -E  conftest.c
configure:4621: $? = 0
configure:4621: result: yes
configure:4621: checking for sys/dir.h
configure:4621: result: yes
configure:4621: checking ndir.h usability
configure:4621: cc -c -g -O2  conftest.c >&5
conftest.c:64:10: fatal error: ndir.h: No such file or directory
   64 | #include <ndir.h>
      |          ^~~~~~~~
compilation terminated.
configure:4621: $? = 1
configure: failed program was:
| /* confdefs.h */
| #define PACKAGE_NAME "mlvpn"
| #define PACKAGE_TARNAME "mlvpn"
| #define PACKAGE_VERSION "2.3.5"
| #define PACKAGE_STRING "mlvpn 2.3.5"
| #define PACKAGE_BUGREPORT "ed@zehome.com"
| #define PACKAGE_URL ""
| #define PACKAGE "mlvpn"
| #define VERSION "2.3.5"
| #define STDC_HEADERS 1
| #define HAVE_SYS_TYPES_H 1
| #define HAVE_SYS_STAT_H 1
| #define HAVE_STDLIB_H 1
| #define HAVE_STRING_H 1
| #define HAVE_MEMORY_H 1
| #define HAVE_STRINGS_H 1
| #define HAVE_INTTYPES_H 1
| #define HAVE_STDINT_H 1
| #define HAVE_UNISTD_H 1
| #define __EXTENSIONS__ 1
| #define _ALL_SOURCE 1
| #define _GNU_SOURCE 1
| #define _POSIX_PTHREAD_SEMANTICS 1
| #define _TANDEM_SOURCE 1
| #define __USE_BSD 1
| #define HAVE_DECL_RES_INIT 1
| #define HAVE_DIRENT_H 1
| #define HAVE_FCNTL_H 1
| #define HAVE_SYS_DIR_H 1
| /* end confdefs.h.  */
| #include <stdio.h>
| #ifdef HAVE_SYS_TYPES_H
| # include <sys/types.h>
| #endif
| #ifdef HAVE_SYS_STAT_H
| # include <sys/stat.h>
| #endif
| #ifdef STDC_HEADERS
| # include <stdlib.h>
| # include <stddef.h>
| #else
| # ifdef HAVE_STDLIB_H
| #  include <stdlib.h>
| # endif
| #endif
| #ifdef HAVE_STRING_H
| # if !defined STDC_HEADERS && defined HAVE_MEMORY_H
| #  include <memory.h>
| # endif
| # include <string.h>
| #endif
| #ifdef HAVE_STRINGS_H
| # include <strings.h>
| #endif
| #ifdef HAVE_INTTYPES_H
| # include <inttypes.h>
| #endif
| #ifdef HAVE_STDINT_H
| # include <stdint.h>
| #endif
| #ifdef HAVE_UNISTD_H
| # include <unistd.h>
| #endif
| #include <ndir.h>
configure:4621: result: no
configure:4621: checking ndir.h presence
configure:4621: cc -E  conftest.c
conftest.c:31:10: fatal error: ndir.h: No such file or directory
   31 | #include <ndir.h>
      |          ^~~~~~~~
compilation terminated.
configure:4621: $? = 1
configure: failed program was:
| /* confdefs.h */
| #define PACKAGE_NAME "mlvpn"
| #define PACKAGE_TARNAME "mlvpn"
| #define PACKAGE_VERSION "2.3.5"
| #define PACKAGE_STRING "mlvpn 2.3.5"
| #define PACKAGE_BUGREPORT "ed@zehome.com"
| #define PACKAGE_URL ""
| #define PACKAGE "mlvpn"
| #define VERSION "2.3.5"
| #define STDC_HEADERS 1
| #define HAVE_SYS_TYPES_H 1
| #define HAVE_SYS_STAT_H 1
| #define HAVE_STDLIB_H 1
| #define HAVE_STRING_H 1
| #define HAVE_MEMORY_H 1
| #define HAVE_STRINGS_H 1
| #define HAVE_INTTYPES_H 1
| #define HAVE_STDINT_H 1
| #define HAVE_UNISTD_H 1
| #define __EXTENSIONS__ 1
| #define _ALL_SOURCE 1
| #define _GNU_SOURCE 1
| #define _POSIX_PTHREAD_SEMANTICS 1
| #define _TANDEM_SOURCE 1
| #define __USE_BSD 1
| #define HAVE_DECL_RES_INIT 1
| #define HAVE_DIRENT_H 1
| #define HAVE_FCNTL_H 1
| #define HAVE_SYS_DIR_H 1
| /* end confdefs.h.  */
| #include <ndir.h>
configure:4621: result: no
configure:4621: checking for ndir.h
configure:4621: result: no
configure:4621: checking valgrind/valgrind.h usability
configure:4621: cc -c -g -O2  conftest.c >&5
conftest.c:64:10: fatal error: valgrind/valgrind.h: No such file or directory
   64 | #include <valgrind/valgrind.h>
      |          ^~~~~~~~~~~~~~~~~~~~~
compilation terminated.
configure:4621: $? = 1
configure: failed program was:
| /* confdefs.h */
| #define PACKAGE_NAME "mlvpn"
| #define PACKAGE_TARNAME "mlvpn"
| #define PACKAGE_VERSION "2.3.5"
| #define PACKAGE_STRING "mlvpn 2.3.5"
| #define PACKAGE_BUGREPORT "ed@zehome.com"
| #define PACKAGE_URL ""
| #define PACKAGE "mlvpn"
| #define VERSION "2.3.5"
| #define STDC_HEADERS 1
| #define HAVE_SYS_TYPES_H 1
| #define HAVE_SYS_STAT_H 1
| #define HAVE_STDLIB_H 1
| #define HAVE_STRING_H 1
| #define HAVE_MEMORY_H 1
| #define HAVE_STRINGS_H 1
| #define HAVE_INTTYPES_H 1
| #define HAVE_STDINT_H 1
| #define HAVE_UNISTD_H 1
| #define __EXTENSIONS__ 1
| #define _ALL_SOURCE 1
| #define _GNU_SOURCE 1
| #define _POSIX_PTHREAD_SEMANTICS 1
| #define _TANDEM_SOURCE 1
| #define __USE_BSD 1
| #define HAVE_DECL_RES_INIT 1
| #define HAVE_DIRENT_H 1
| #define HAVE_FCNTL_H 1
| #define HAVE_SYS_DIR_H 1
| /* end confdefs.h.  */
| #include <stdio.h>
| #ifdef HAVE_SYS_TYPES_H
| # include <sys/types.h>
| #endif
| #ifdef HAVE_SYS_STAT_H
| # include <sys/stat.h>
| #endif
| #ifdef STDC_HEADERS
| # include <stdlib.h>
| # include <stddef.h>
| #else
| # ifdef HAVE_STDLIB_H
| #  include <stdlib.h>
| # endif
| #endif
| #ifdef HAVE_STRING_H
| # if !defined STDC_HEADERS && defined HAVE_MEMORY_H
| #  include <memory.h>
| # endif
| # include <string.h>
| #endif
| #ifdef HAVE_STRINGS_H
| # include <strings.h>
| #endif
| #ifdef HAVE_INTTYPES_H
| # include <inttypes.h>
| #endif
| #ifdef HAVE_STDINT_H
| # include <stdint.h>
| #endif
| #ifdef HAVE_UNISTD_H
| # include <unistd.h>
| #endif
| #include <valgrind/valgrind.h>
configure:4621: result: no
configure:4621: checking valgrind/valgrind.h presence
configure:4621: cc -E  conftest.c
conftest.c:31:10: fatal error: valgrind/valgrind.h: No such file or directory
   31 | #include <valgrind/valgrind.h>
      |          ^~~~~~~~~~~~~~~~~~~~~
compilation terminated.
configure:4621: $? = 1
configure: failed program was:
| /* confdefs.h */
| #define PACKAGE_NAME "mlvpn"
| #define PACKAGE_TARNAME "mlvpn"
| #define PACKAGE_VERSION "2.3.5"
| #define PACKAGE_STRING "mlvpn 2.3.5"
| #define PACKAGE_BUGREPORT "ed@zehome.com"
| #define PACKAGE_URL ""
| #define PACKAGE "mlvpn"
| #define VERSION "2.3.5"
| #define STDC_HEADERS 1
| #define HAVE_SYS_TYPES_H 1
| #define HAVE_SYS_STAT_H 1
| #define HAVE_STDLIB_H 1
| #define HAVE_STRING_H 1
| #define HAVE_MEMORY_H 1
| #define HAVE_STRINGS_H 1
| #define HAVE_INTTYPES_H 1
| #define HAVE_STDINT_H 1
| #define HAVE_UNISTD_H 1
| #define __EXTENSIONS__ 1
| #define _ALL_SOURCE 1
| #define _GNU_SOURCE 1
| #define _POSIX_PTHREAD_SEMANTICS 1
| #define _TANDEM_SOURCE 1
| #define __USE_BSD 1
| #define HAVE_DECL_RES_INIT 1
| #define HAVE_DIRENT_H 1
| #define HAVE_FCNTL_H 1
| #define HAVE_SYS_DIR_H 1
| /* end confdefs.h.  */
| #include <valgrind/valgrind.h>
configure:4621: result: no
configure:4621: checking for valgrind/valgrind.h
configure:4621: result: no
configure:4637: checking build system type
configure:4651: result: x86_64-pc-linux-gnu
configure:4671: checking host system type
configure:4684: result: x86_64-pc-linux-gnu
configure:4793: checking for closefrom
configure:4793: cc -o conftest -g -O2  -Wl,-Bdynamic conftest.c  >&5
/usr/bin/ld: /tmp/ccGnANzF.o: in function `main':
/mlvpn-2.3.5/conftest.c:66: undefined reference to `closefrom'
collect2: error: ld returned 1 exit status
configure:4793: $? = 1
configure: failed program was:
| /* confdefs.h */
| #define PACKAGE_NAME "mlvpn"
| #define PACKAGE_TARNAME "mlvpn"
| #define PACKAGE_VERSION "2.3.5"
| #define PACKAGE_STRING "mlvpn 2.3.5"
| #define PACKAGE_BUGREPORT "ed@zehome.com"
| #define PACKAGE_URL ""
| #define PACKAGE "mlvpn"
| #define VERSION "2.3.5"
| #define STDC_HEADERS 1
| #define HAVE_SYS_TYPES_H 1
| #define HAVE_SYS_STAT_H 1
| #define HAVE_STDLIB_H 1
| #define HAVE_STRING_H 1
| #define HAVE_MEMORY_H 1
| #define HAVE_STRINGS_H 1
| #define HAVE_INTTYPES_H 1
| #define HAVE_STDINT_H 1
| #define HAVE_UNISTD_H 1
| #define __EXTENSIONS__ 1
| #define _ALL_SOURCE 1
| #define _GNU_SOURCE 1
| #define _POSIX_PTHREAD_SEMANTICS 1
| #define _TANDEM_SOURCE 1
| #define __USE_BSD 1
| #define HAVE_DECL_RES_INIT 1
| #define HAVE_DIRENT_H 1
| #define HAVE_FCNTL_H 1
| #define HAVE_SYS_DIR_H 1
| #define HAVE_LINUX 1
| /* end confdefs.h.  */
| /* Define closefrom to an innocuous variant, in case <limits.h> declares closefrom.
|    For example, HP-UX 11i <limits.h> declares gettimeofday.  */
| #define closefrom innocuous_closefrom
| 
| /* System header to define __stub macros and hopefully few prototypes,
|     which can conflict with char closefrom (); below.
|     Prefer <limits.h> to <assert.h> if __STDC__ is defined, since
|     <limits.h> exists even on freestanding compilers.  */
| 
| #ifdef __STDC__
| # include <limits.h>
| #else
| # include <assert.h>
| #endif
| 
| #undef closefrom
| 
| /* Override any GCC internal prototype to avoid an error.
|    Use char because int might match the return type of a GCC
|    builtin and then its argument prototype would still apply.  */
| #ifdef __cplusplus
| extern "C"
| #endif
| char closefrom ();
| /* The GNU C library defines this for functions which it implements
|     to always fail with ENOSYS.  Some functions are actually named
|     something starting with __ and the normal name is an alias.  */
| #if defined __stub_closefrom || defined __stub___closefrom
| choke me
| #endif
| 
| int
| main ()
| {
| return closefrom ();
|   ;
|   return 0;
| }
configure:4793: result: no
configure:4793: checking for pledge
configure:4793: cc -o conftest -g -O2  -Wl,-Bdynamic conftest.c  >&5
/usr/bin/ld: /tmp/ccjUtbr0.o: in function `main':
/mlvpn-2.3.5/conftest.c:66: undefined reference to `pledge'
collect2: error: ld returned 1 exit status
configure:4793: $? = 1
configure: failed program was:
| /* confdefs.h */
| #define PACKAGE_NAME "mlvpn"
| #define PACKAGE_TARNAME "mlvpn"
| #define PACKAGE_VERSION "2.3.5"
| #define PACKAGE_STRING "mlvpn 2.3.5"
| #define PACKAGE_BUGREPORT "ed@zehome.com"
| #define PACKAGE_URL ""
| #define PACKAGE "mlvpn"
| #define VERSION "2.3.5"
| #define STDC_HEADERS 1
| #define HAVE_SYS_TYPES_H 1
| #define HAVE_SYS_STAT_H 1
| #define HAVE_STDLIB_H 1
| #define HAVE_STRING_H 1
| #define HAVE_MEMORY_H 1
| #define HAVE_STRINGS_H 1
| #define HAVE_INTTYPES_H 1
| #define HAVE_STDINT_H 1
| #define HAVE_UNISTD_H 1
| #define __EXTENSIONS__ 1
| #define _ALL_SOURCE 1
| #define _GNU_SOURCE 1
| #define _POSIX_PTHREAD_SEMANTICS 1
| #define _TANDEM_SOURCE 1
| #define __USE_BSD 1
| #define HAVE_DECL_RES_INIT 1
| #define HAVE_DIRENT_H 1
| #define HAVE_FCNTL_H 1
| #define HAVE_SYS_DIR_H 1
| #define HAVE_LINUX 1
| /* end confdefs.h.  */
| /* Define pledge to an innocuous variant, in case <limits.h> declares pledge.
|    For example, HP-UX 11i <limits.h> declares gettimeofday.  */
| #define pledge innocuous_pledge
| 
| /* System header to define __stub macros and hopefully few prototypes,
|     which can conflict with char pledge (); below.
|     Prefer <limits.h> to <assert.h> if __STDC__ is defined, since
|     <limits.h> exists even on freestanding compilers.  */
| 
| #ifdef __STDC__
| # include <limits.h>
| #else
| # include <assert.h>
| #endif
| 
| #undef pledge
| 
| /* Override any GCC internal prototype to avoid an error.
|    Use char because int might match the return type of a GCC
|    builtin and then its argument prototype would still apply.  */
| #ifdef __cplusplus
| extern "C"
| #endif
| char pledge ();
| /* The GNU C library defines this for functions which it implements
|     to always fail with ENOSYS.  Some functions are actually named
|     something starting with __ and the normal name is an alias.  */
| #if defined __stub_pledge || defined __stub___pledge
| choke me
| #endif
| 
| int
| main ()
| {
| return pledge ();
|   ;
|   return 0;
| }
configure:4793: result: no
configure:4793: checking for setproctitle
configure:4793: cc -o conftest -g -O2  -Wl,-Bdynamic conftest.c  >&5
/usr/bin/ld: /tmp/ccxezSCo.o: in function `main':
/mlvpn-2.3.5/conftest.c:66: undefined reference to `setproctitle'
collect2: error: ld returned 1 exit status
configure:4793: $? = 1
configure: failed program was:
| /* confdefs.h */
| #define PACKAGE_NAME "mlvpn"
| #define PACKAGE_TARNAME "mlvpn"
| #define PACKAGE_VERSION "2.3.5"
| #define PACKAGE_STRING "mlvpn 2.3.5"
| #define PACKAGE_BUGREPORT "ed@zehome.com"
| #define PACKAGE_URL ""
| #define PACKAGE "mlvpn"
| #define VERSION "2.3.5"
| #define STDC_HEADERS 1
| #define HAVE_SYS_TYPES_H 1
| #define HAVE_SYS_STAT_H 1
| #define HAVE_STDLIB_H 1
| #define HAVE_STRING_H 1
| #define HAVE_MEMORY_H 1
| #define HAVE_STRINGS_H 1
| #define HAVE_INTTYPES_H 1
| #define HAVE_STDINT_H 1
| #define HAVE_UNISTD_H 1
| #define __EXTENSIONS__ 1
| #define _ALL_SOURCE 1
| #define _GNU_SOURCE 1
| #define _POSIX_PTHREAD_SEMANTICS 1
| #define _TANDEM_SOURCE 1
| #define __USE_BSD 1
| #define HAVE_DECL_RES_INIT 1
| #define HAVE_DIRENT_H 1
| #define HAVE_FCNTL_H 1
| #define HAVE_SYS_DIR_H 1
| #define HAVE_LINUX 1
| /* end confdefs.h.  */
| /* Define setproctitle to an innocuous variant, in case <limits.h> declares setproctitle.
|    For example, HP-UX 11i <limits.h> declares gettimeofday.  */
| #define setproctitle innocuous_setproctitle
| 
| /* System header to define __stub macros and hopefully few prototypes,
|     which can conflict with char setproctitle (); below.
|     Prefer <limits.h> to <assert.h> if __STDC__ is defined, since
|     <limits.h> exists even on freestanding compilers.  */
| 
| #ifdef __STDC__
| # include <limits.h>
| #else
| # include <assert.h>
| #endif
| 
| #undef setproctitle
| 
| /* Override any GCC internal prototype to avoid an error.
|    Use char because int might match the return type of a GCC
|    builtin and then its argument prototype would still apply.  */
| #ifdef __cplusplus
| extern "C"
| #endif
| char setproctitle ();
| /* The GNU C library defines this for functions which it implements
|     to always fail with ENOSYS.  Some functions are actually named
|     something starting with __ and the normal name is an alias.  */
| #if defined __stub_setproctitle || defined __stub___setproctitle
| choke me
| #endif
| 
| int
| main ()
| {
| return setproctitle ();
|   ;
|   return 0;
| }
configure:4793: result: no
configure:4793: checking for setresgid
configure:4793: cc -o conftest -g -O2  -Wl,-Bdynamic conftest.c  >&5
configure:4793: $? = 0
configure:4793: result: yes
configure:4793: checking for setresuid
configure:4793: cc -o conftest -g -O2  -Wl,-Bdynamic conftest.c  >&5
configure:4793: $? = 0
configure:4793: result: yes
configure:4793: checking for strlcat
configure:4793: cc -o conftest -g -O2  -Wl,-Bdynamic conftest.c  >&5
/usr/bin/ld: /tmp/ccDPCCyA.o: in function `main':
/mlvpn-2.3.5/conftest.c:68: undefined reference to `strlcat'
collect2: error: ld returned 1 exit status
configure:4793: $? = 1
configure: failed program was:
| /* confdefs.h */
| #define PACKAGE_NAME "mlvpn"
| #define PACKAGE_TARNAME "mlvpn"
| #define PACKAGE_VERSION "2.3.5"
| #define PACKAGE_STRING "mlvpn 2.3.5"
| #define PACKAGE_BUGREPORT "ed@zehome.com"
| #define PACKAGE_URL ""
| #define PACKAGE "mlvpn"
| #define VERSION "2.3.5"
| #define STDC_HEADERS 1
| #define HAVE_SYS_TYPES_H 1
| #define HAVE_SYS_STAT_H 1
| #define HAVE_STDLIB_H 1
| #define HAVE_STRING_H 1
| #define HAVE_MEMORY_H 1
| #define HAVE_STRINGS_H 1
| #define HAVE_INTTYPES_H 1
| #define HAVE_STDINT_H 1
| #define HAVE_UNISTD_H 1
| #define __EXTENSIONS__ 1
| #define _ALL_SOURCE 1
| #define _GNU_SOURCE 1
| #define _POSIX_PTHREAD_SEMANTICS 1
| #define _TANDEM_SOURCE 1
| #define __USE_BSD 1
| #define HAVE_DECL_RES_INIT 1
| #define HAVE_DIRENT_H 1
| #define HAVE_FCNTL_H 1
| #define HAVE_SYS_DIR_H 1
| #define HAVE_LINUX 1
| #define HAVE_SETRESGID 1
| #define HAVE_SETRESUID 1
| /* end confdefs.h.  */
| /* Define strlcat to an innocuous variant, in case <limits.h> declares strlcat.
|    For example, HP-UX 11i <limits.h> declares gettimeofday.  */
| #define strlcat innocuous_strlcat
| 
| /* System header to define __stub macros and hopefully few prototypes,
|     which can conflict with char strlcat (); below.
|     Prefer <limits.h> to <assert.h> if __STDC__ is defined, since
|     <limits.h> exists even on freestanding compilers.  */
| 
| #ifdef __STDC__
| # include <limits.h>
| #else
| # include <assert.h>
| #endif
| 
| #undef strlcat
| 
| /* Override any GCC internal prototype to avoid an error.
|    Use char because int might match the return type of a GCC
|    builtin and then its argument prototype would still apply.  */
| #ifdef __cplusplus
| extern "C"
| #endif
| char strlcat ();
| /* The GNU C library defines this for functions which it implements
|     to always fail with ENOSYS.  Some functions are actually named
|     something starting with __ and the normal name is an alias.  */
| #if defined __stub_strlcat || defined __stub___strlcat
| choke me
| #endif
| 
| int
| main ()
| {
| return strlcat ();
|   ;
|   return 0;
| }
configure:4793: result: no
configure:4793: checking for strlcpy
configure:4793: cc -o conftest -g -O2  -Wl,-Bdynamic conftest.c  >&5
/usr/bin/ld: /tmp/cc4rxSHW.o: in function `main':
/mlvpn-2.3.5/conftest.c:68: undefined reference to `strlcpy'
collect2: error: ld returned 1 exit status
configure:4793: $? = 1
configure: failed program was:
| /* confdefs.h */
| #define PACKAGE_NAME "mlvpn"
| #define PACKAGE_TARNAME "mlvpn"
| #define PACKAGE_VERSION "2.3.5"
| #define PACKAGE_STRING "mlvpn 2.3.5"
| #define PACKAGE_BUGREPORT "ed@zehome.com"
| #define PACKAGE_URL ""
| #define PACKAGE "mlvpn"
| #define VERSION "2.3.5"
| #define STDC_HEADERS 1
| #define HAVE_SYS_TYPES_H 1
| #define HAVE_SYS_STAT_H 1
| #define HAVE_STDLIB_H 1
| #define HAVE_STRING_H 1
| #define HAVE_MEMORY_H 1
| #define HAVE_STRINGS_H 1
| #define HAVE_INTTYPES_H 1
| #define HAVE_STDINT_H 1
| #define HAVE_UNISTD_H 1
| #define __EXTENSIONS__ 1
| #define _ALL_SOURCE 1
| #define _GNU_SOURCE 1
| #define _POSIX_PTHREAD_SEMANTICS 1
| #define _TANDEM_SOURCE 1
| #define __USE_BSD 1
| #define HAVE_DECL_RES_INIT 1
| #define HAVE_DIRENT_H 1
| #define HAVE_FCNTL_H 1
| #define HAVE_SYS_DIR_H 1
| #define HAVE_LINUX 1
| #define HAVE_SETRESGID 1
| #define HAVE_SETRESUID 1
| /* end confdefs.h.  */
| /* Define strlcpy to an innocuous variant, in case <limits.h> declares strlcpy.
|    For example, HP-UX 11i <limits.h> declares gettimeofday.  */
| #define strlcpy innocuous_strlcpy
| 
| /* System header to define __stub macros and hopefully few prototypes,
|     which can conflict with char strlcpy (); below.
|     Prefer <limits.h> to <assert.h> if __STDC__ is defined, since
|     <limits.h> exists even on freestanding compilers.  */
| 
| #ifdef __STDC__
| # include <limits.h>
| #else
| # include <assert.h>
| #endif
| 
| #undef strlcpy
| 
| /* Override any GCC internal prototype to avoid an error.
|    Use char because int might match the return type of a GCC
|    builtin and then its argument prototype would still apply.  */
| #ifdef __cplusplus
| extern "C"
| #endif
| char strlcpy ();
| /* The GNU C library defines this for functions which it implements
|     to always fail with ENOSYS.  Some functions are actually named
|     something starting with __ and the normal name is an alias.  */
| #if defined __stub_strlcpy || defined __stub___strlcpy
| choke me
| #endif
| 
| int
| main ()
| {
| return strlcpy ();
|   ;
|   return 0;
| }
configure:4793: result: no
configure:4793: checking for strnvis
configure:4793: cc -o conftest -g -O2  -Wl,-Bdynamic conftest.c  >&5
/usr/bin/ld: /tmp/ccgfbRPm.o: in function `main':
/mlvpn-2.3.5/conftest.c:68: undefined reference to `strnvis'
collect2: error: ld returned 1 exit status
configure:4793: $? = 1
configure: failed program was:
| /* confdefs.h */
| #define PACKAGE_NAME "mlvpn"
| #define PACKAGE_TARNAME "mlvpn"
| #define PACKAGE_VERSION "2.3.5"
| #define PACKAGE_STRING "mlvpn 2.3.5"
| #define PACKAGE_BUGREPORT "ed@zehome.com"
| #define PACKAGE_URL ""
| #define PACKAGE "mlvpn"
| #define VERSION "2.3.5"
| #define STDC_HEADERS 1
| #define HAVE_SYS_TYPES_H 1
| #define HAVE_SYS_STAT_H 1
| #define HAVE_STDLIB_H 1
| #define HAVE_STRING_H 1
| #define HAVE_MEMORY_H 1
| #define HAVE_STRINGS_H 1
| #define HAVE_INTTYPES_H 1
| #define HAVE_STDINT_H 1
| #define HAVE_UNISTD_H 1
| #define __EXTENSIONS__ 1
| #define _ALL_SOURCE 1
| #define _GNU_SOURCE 1
| #define _POSIX_PTHREAD_SEMANTICS 1
| #define _TANDEM_SOURCE 1
| #define __USE_BSD 1
| #define HAVE_DECL_RES_INIT 1
| #define HAVE_DIRENT_H 1
| #define HAVE_FCNTL_H 1
| #define HAVE_SYS_DIR_H 1
| #define HAVE_LINUX 1
| #define HAVE_SETRESGID 1
| #define HAVE_SETRESUID 1
| /* end confdefs.h.  */
| /* Define strnvis to an innocuous variant, in case <limits.h> declares strnvis.
|    For example, HP-UX 11i <limits.h> declares gettimeofday.  */
| #define strnvis innocuous_strnvis
| 
| /* System header to define __stub macros and hopefully few prototypes,
|     which can conflict with char strnvis (); below.
|     Prefer <limits.h> to <assert.h> if __STDC__ is defined, since
|     <limits.h> exists even on freestanding compilers.  */
| 
| #ifdef __STDC__
| # include <limits.h>
| #else
| # include <assert.h>
| #endif
| 
| #undef strnvis
| 
| /* Override any GCC internal prototype to avoid an error.
|    Use char because int might match the return type of a GCC
|    builtin and then its argument prototype would still apply.  */
| #ifdef __cplusplus
| extern "C"
| #endif
| char strnvis ();
| /* The GNU C library defines this for functions which it implements
|     to always fail with ENOSYS.  Some functions are actually named
|     something starting with __ and the normal name is an alias.  */
| #if defined __stub_strnvis || defined __stub___strnvis
| choke me
| #endif
| 
| int
| main ()
| {
| return strnvis ();
|   ;
|   return 0;
| }
configure:4793: result: no
configure:4793: checking for sysconf
configure:4793: cc -o conftest -g -O2  -Wl,-Bdynamic conftest.c  >&5
configure:4793: $? = 0
configure:4793: result: yes
configure:4793: checking for vsnprintf
configure:4793: cc -o conftest -g -O2  -Wl,-Bdynamic conftest.c  >&5
conftest.c:58:6: warning: conflicting types for built-in function 'vsnprintf'; expected 'int(char *, long unsigned int,  const char *, __va_list_tag *)' [-Wbuiltin-declaration-mismatch]
   58 | char vsnprintf ();
      |      ^~~~~~~~~
conftest.c:46:1: note: 'vsnprintf' is declared in header '<stdio.h>'
   45 | # include <limits.h>
   46 | #else
configure:4793: $? = 0
configure:4793: result: yes
configure:4984: checking for pkg-config
configure:5017: result: no
configure:5052: checking for libsodium
configure:5241: result: yes
configure:5249: checking for libev
configure:5438: result: yes
configure:5453: checking whether to enable remote control system (cli and http)
configure:5456: result: yes
configure:5482: checking whether to enable libpcap support for filters
configure:5485: result: yes
configure:5861: checking for libpcap
configure:6048: result: yes
configure:6059: checking for ronn
configure:6089: result: no
configure:6106: WARNING: ronn is not available, skip manpages build.
configure:6214: checking that generated files are newer than configure
configure:6220: result: done
configure:6319: creating ./config.status

## ---------------------- ##
## Running config.status. ##
## ---------------------- ##

This file was extended by mlvpn config.status 2.3.5, which was
generated by GNU Autoconf 2.69.  Invocation command line was

  CONFIG_FILES    = 
  CONFIG_HEADERS  = 
  CONFIG_LINKS    = 
  CONFIG_COMMANDS = 
  $ ./config.status 

on de0de3b9ebc0

config.status:941: creating Makefile
config.status:941: creating doc/Makefile
config.status:941: creating doc/examples/Makefile
config.status:941: creating doc/examples/systemd/Makefile
config.status:941: creating src/Makefile
config.status:941: creating man/Makefile
config.status:941: creating config.h
config.status:1170: executing depfiles commands
config.status:1247: cd src       && sed -e '/# am--include-marker/d' Makefile         | make -f - am--depfiles
config.status:1252: $? = 0
configure:7637: WARNING: unrecognized options: --enable-static, --disable-shared

## ---------------- ##
## Cache variables. ##
## ---------------- ##

ac_cv_build=x86_64-pc-linux-gnu
ac_cv_c_compiler_gnu=yes
ac_cv_env_CC_set=
ac_cv_env_CC_value=
ac_cv_env_CFLAGS_set=
ac_cv_env_CFLAGS_value=
ac_cv_env_CPPFLAGS_set=
ac_cv_env_CPPFLAGS_value=
ac_cv_env_CPP_set=
ac_cv_env_CPP_value=
ac_cv_env_LDFLAGS_set=set
ac_cv_env_LDFLAGS_value=-Wl,-Bdynamic
ac_cv_env_LIBS_set=
ac_cv_env_LIBS_value=
ac_cv_env_PKG_CONFIG_LIBDIR_set=
ac_cv_env_PKG_CONFIG_LIBDIR_value=
ac_cv_env_PKG_CONFIG_PATH_set=
ac_cv_env_PKG_CONFIG_PATH_value=
ac_cv_env_PKG_CONFIG_set=
ac_cv_env_PKG_CONFIG_value=
ac_cv_env_build_alias_set=
ac_cv_env_build_alias_value=
ac_cv_env_host_alias_set=
ac_cv_env_host_alias_value=
ac_cv_env_libev_CFLAGS_set=set
ac_cv_env_libev_CFLAGS_value=-I/mlvpn/libev/include
ac_cv_env_libev_LIBS_set=set
ac_cv_env_libev_LIBS_value='-L/mlvpn/libev/lib -lev'
ac_cv_env_libpcap_CFLAGS_set=set
ac_cv_env_libpcap_CFLAGS_value=-I/mlvpn/libpcap/include
ac_cv_env_libpcap_LIBS_set=set
ac_cv_env_libpcap_LIBS_value='-L/mlvpn/libpcap/lib -lpcap'
ac_cv_env_libsodium_CFLAGS_set=set
ac_cv_env_libsodium_CFLAGS_value=-I/mlvpn/libsodium/include
ac_cv_env_libsodium_LIBS_set=set
ac_cv_env_libsodium_LIBS_value='-L/mlvpn/libsodium/lib -lsodium'
ac_cv_env_target_alias_set=
ac_cv_env_target_alias_value=
ac_cv_func_closefrom=no
ac_cv_func_pledge=no
ac_cv_func_setproctitle=no
ac_cv_func_setresgid=yes
ac_cv_func_setresuid=yes
ac_cv_func_strlcat=no
ac_cv_func_strlcpy=no
ac_cv_func_strnvis=no
ac_cv_func_sysconf=yes
ac_cv_func_vsnprintf=yes
ac_cv_have_decl_res_init=yes
ac_cv_header_dirent_h=yes
ac_cv_header_fcntl_h=yes
ac_cv_header_inttypes_h=yes
ac_cv_header_memory_h=yes
ac_cv_header_minix_config_h=no
ac_cv_header_ndir_h=no
ac_cv_header_stdc=yes
ac_cv_header_stdint_h=yes
ac_cv_header_stdlib_h=yes
ac_cv_header_string_h=yes
ac_cv_header_strings_h=yes
ac_cv_header_sys_dir_h=yes
ac_cv_header_sys_ndir_h=no
ac_cv_header_sys_stat_h=yes
ac_cv_header_sys_types_h=yes
ac_cv_header_unistd_h=yes
ac_cv_header_valgrind_valgrind_h=no
ac_cv_host=x86_64-pc-linux-gnu
ac_cv_lib_resolv_res_init=no
ac_cv_objext=o
ac_cv_path_EGREP='/usr/bin/grep -E'
ac_cv_path_GREP=/usr/bin/grep
ac_cv_path_SED=/usr/bin/sed
ac_cv_path_install='/usr/bin/install -c'
ac_cv_path_mkdir=/usr/bin/mkdir
ac_cv_prog_AWK=mawk
ac_cv_prog_CPP='cc -E'
ac_cv_prog_ac_ct_CC=cc
ac_cv_prog_cc_c89=
ac_cv_prog_cc_c99=
ac_cv_prog_cc_g=yes
ac_cv_prog_make_make_set=yes
ac_cv_safe_to_define___extensions__=yes
am_cv_CC_dependencies_compiler_type=gcc3
am_cv_make_support_nested_variables=yes
am_cv_prog_cc_c_o=yes
pkg_cv_libev_CFLAGS=-I/mlvpn/libev/include
pkg_cv_libev_LIBS='-L/mlvpn/libev/lib -lev'
pkg_cv_libpcap_CFLAGS=-I/mlvpn/libpcap/include
pkg_cv_libpcap_LIBS='-L/mlvpn/libpcap/lib -lpcap'
pkg_cv_libsodium_CFLAGS=-I/mlvpn/libsodium/include
pkg_cv_libsodium_LIBS='-L/mlvpn/libsodium/lib -lsodium'

## ----------------- ##
## Output variables. ##
## ----------------- ##

ACLOCAL='${SHELL} /mlvpn-2.3.5/build-aux/missing aclocal-1.16'
AMDEPBACKSLASH='\'
AMDEP_FALSE='#'
AMDEP_TRUE=''
AMTAR='$${TAR-tar}'
AM_BACKSLASH='\'
AM_DEFAULT_V='$(AM_DEFAULT_VERBOSITY)'
AM_DEFAULT_VERBOSITY='0'
AM_V='$(V)'
AUTOCONF='${SHELL} /mlvpn-2.3.5/build-aux/missing autoconf'
AUTOHEADER='${SHELL} /mlvpn-2.3.5/build-aux/missing autoheader'
AUTOMAKE='${SHELL} /mlvpn-2.3.5/build-aux/missing automake-1.16'
AWK='mawk'
BSD_FALSE=''
BSD_TRUE='#'
CC='cc'
CCDEPMODE='depmode=gcc3'
CFLAGS='-g -O2 -Wall -Wextra -Wno-unused-parameter -Wno-strict-aliasing -Wno-sign-compare'
CONFIGURE_ARGS=' '\''--enable-filters'\'' '\''LDFLAGS=-Wl,-Bdynamic'\'' '\''--prefix=/mlvpn/mlvpn/'\'' '\''--enable-static'\'' '\''--disable-shared'\'' '\''libsodium_CFLAGS=-I/mlvpn/libsodium/include'\'' '\''libsodium_LIBS=-L/mlvpn/libsodium/lib -lsodium'\'' '\''libev_CFLAGS=-I/mlvpn/libev/include'\'' '\''libev_LIBS=-L/mlvpn/libev/lib -lev'\'' '\''libpcap_CFLAGS=-I/mlvpn/libpcap/include'\'' '\''libpcap_LIBS=-L/mlvpn/libpcap/lib -lpcap'\'''
CPP='cc -E'
CPPFLAGS=''
CYGPATH_W='echo'
DARWIN_FALSE=''
DARWIN_TRUE='#'
DEFS='-DHAVE_CONFIG_H'
DEPDIR='.deps'
ECHO_C=''
ECHO_N='-n'
ECHO_T=''
EGREP='/usr/bin/grep -E'
ENABLE_CONTROL_FALSE='#'
ENABLE_CONTROL_TRUE=''
ENABLE_FILTERS_FALSE='#'
ENABLE_FILTERS_TRUE=''
EXEEXT=''
GREP='/usr/bin/grep'
HAVE_CLOSEFROM_FALSE=''
HAVE_CLOSEFROM_TRUE='#'
HAVE_FILTERS_FALSE='#'
HAVE_FILTERS_TRUE=''
HAVE_PLEDGE_FALSE=''
HAVE_PLEDGE_TRUE='#'
HAVE_RONN_FALSE=''
HAVE_RONN_TRUE='#'
HAVE_SETPROCTITLE_FALSE=''
HAVE_SETPROCTITLE_TRUE='#'
HAVE_STRLCAT_FALSE=''
HAVE_STRLCAT_TRUE='#'
HAVE_STRLCPY_FALSE=''
HAVE_STRLCPY_TRUE='#'
HAVE_STRNVIS_FALSE=''
HAVE_STRNVIS_TRUE='#'
HAVE_SYSTEMDSYSTEMGENERATORDIR_FALSE=''
HAVE_SYSTEMDSYSTEMGENERATORDIR_TRUE='#'
HAVE_SYSTEMDSYSTEMUNITDIR_FALSE=''
HAVE_SYSTEMDSYSTEMUNITDIR_TRUE='#'
HAVE_SYSTEMDTMPFILESDIR_FALSE=''
HAVE_SYSTEMDTMPFILESDIR_TRUE='#'
INSTALL_DATA='${INSTALL} -m 644'
INSTALL_EXAMPLES='yes'
INSTALL_EXAMPLES_FALSE='#'
INSTALL_EXAMPLES_TRUE=''
INSTALL_PROGRAM='${INSTALL}'
INSTALL_SCRIPT='${INSTALL}'
INSTALL_STRIP_PROGRAM='$(install_sh) -c -s'
LDFLAGS='-Wl,-Bdynamic'
LIBOBJS=''
LIBS=''
LINUX_FALSE='#'
LINUX_TRUE=''
LTLIBOBJS=''
MAINT='#'
MAINTAINER_MODE_FALSE=''
MAINTAINER_MODE_TRUE='#'
MAKEINFO='${SHELL} /mlvpn-2.3.5/build-aux/missing makeinfo'
MKDIR_P='/usr/bin/mkdir -p'
OBJEXT='o'
PACKAGE='mlvpn'
PACKAGE_BUGREPORT='ed@zehome.com'
PACKAGE_NAME='mlvpn'
PACKAGE_STRING='mlvpn 2.3.5'
PACKAGE_TARNAME='mlvpn'
PACKAGE_URL=''
PACKAGE_VERSION='2.3.5'
PATH_SEPARATOR=':'
PKG_CONFIG=''
PKG_CONFIG_LIBDIR=''
PKG_CONFIG_PATH=''
RONN=''
SED='/usr/bin/sed'
SET_MAKE=''
SHELL='/bin/bash'
STRIP=''
SYSTEMDSYSTEMGENERATORDIR=''
SYSTEMDSYSTEMUNITDIR=''
SYSTEMDTMPFILESDIR=''
VERSION='2.3.5'
ac_ct_CC='cc'
am__EXEEXT_FALSE=''
am__EXEEXT_TRUE='#'
am__fastdepCC_FALSE='#'
am__fastdepCC_TRUE=''
am__include='include'
am__isrc=''
am__leading_dot='.'
am__nodep='_no'
am__quote=''
am__tar='$${TAR-tar} chof - "$$tardir"'
am__untar='$${TAR-tar} xf -'
bindir='${exec_prefix}/bin'
build='x86_64-pc-linux-gnu'
build_alias=''
build_cpu='x86_64'
build_os='linux-gnu'
build_vendor='pc'
datadir='${datarootdir}'
datarootdir='${prefix}/share'
docdir='${datarootdir}/doc/${PACKAGE_TARNAME}'
dvidir='${docdir}'
exec_prefix='${prefix}'
host='x86_64-pc-linux-gnu'
host_alias=''
host_cpu='x86_64'
host_os='linux-gnu'
host_vendor='pc'
htmldir='${docdir}'
includedir='${prefix}/include'
infodir='${datarootdir}/info'
install_sh='${SHELL} /mlvpn-2.3.5/build-aux/install-sh'
libdir='${exec_prefix}/lib'
libev_CFLAGS='-I/mlvpn/libev/include'
libev_LIBS='-L/mlvpn/libev/lib -lev'
libexecdir='${exec_prefix}/libexec'
libpcap_CFLAGS='-I/mlvpn/libpcap/include'
libpcap_LIBS='-L/mlvpn/libpcap/lib -lpcap'
libsodium_CFLAGS='-I/mlvpn/libsodium/include'
libsodium_LIBS='-L/mlvpn/libsodium/lib -lsodium'
localedir='${datarootdir}/locale'
localstatedir='${prefix}/var'
mandir='${datarootdir}/man'
mkdir_p='$(MKDIR_P)'
oldincludedir='/usr/include'
pdfdir='${docdir}'
prefix='/mlvpn/mlvpn'
program_transform_name='s,x,x,'
psdir='${docdir}'
sbindir='${exec_prefix}/sbin'
sharedstatedir='${prefix}/com'
sysconfdir='${prefix}/etc'
systemdsystemgeneratordir=''
systemdsystemunitdir=''
systemdtmpfilesdir=''
target_alias=''

## ----------- ##
## confdefs.h. ##
## ----------- ##

/* confdefs.h */
#define PACKAGE_NAME "mlvpn"
#define PACKAGE_TARNAME "mlvpn"
#define PACKAGE_VERSION "2.3.5"
#define PACKAGE_STRING "mlvpn 2.3.5"
#define PACKAGE_BUGREPORT "ed@zehome.com"
#define PACKAGE_URL ""
#define PACKAGE "mlvpn"
#define VERSION "2.3.5"
#define STDC_HEADERS 1
#define HAVE_SYS_TYPES_H 1
#define HAVE_SYS_STAT_H 1
#define HAVE_STDLIB_H 1
#define HAVE_STRING_H 1
#define HAVE_MEMORY_H 1
#define HAVE_STRINGS_H 1
#define HAVE_INTTYPES_H 1
#define HAVE_STDINT_H 1
#define HAVE_UNISTD_H 1
#define __EXTENSIONS__ 1
#define _ALL_SOURCE 1
#define _GNU_SOURCE 1
#define _POSIX_PTHREAD_SEMANTICS 1
#define _TANDEM_SOURCE 1
#define __USE_BSD 1
#define HAVE_DECL_RES_INIT 1
#define HAVE_DIRENT_H 1
#define HAVE_FCNTL_H 1
#define HAVE_SYS_DIR_H 1
#define HAVE_LINUX 1
#define HAVE_SETRESGID 1
#define HAVE_SETRESUID 1
#define HAVE_SYSCONF 1
#define HAVE_VSNPRINTF 1
#define ENABLE_CONTROL /**/
#define ENABLE_FILTERS /**/
#define INSTALL_EXAMPLES "yes"
#define SYSTEMDSYSTEMUNITDIR ""
#define SYSTEMDSYSTEMGENERATORDIR ""
#define SYSTEMDTMPFILESDIR ""
#define HAVE_FILTERS /**/

configure: exit 0
