
Start-Date: 2020-04-23  11:06:50
Commandline: apt-get install --reinstall adduser
Reinstall: adduser:amd64 (3.118ubuntu2)
End-Date: 2020-04-23  11:06:50

Start-Date: 2020-04-23  11:06:52
Commandline: apt-get install --reinstall apt
Reinstall: apt:amd64 (2.0.2)
End-Date: 2020-04-23  11:06:53

Start-Date: 2020-04-23  11:06:54
Commandline: apt-get install --reinstall base-files
Reinstall: base-files:amd64 (11ubuntu5)
End-Date: 2020-04-23  11:06:55

Start-Date: 2020-04-23  11:06:56
Commandline: apt-get install --reinstall base-passwd
Reinstall: base-passwd:amd64 (3.5.47)
End-Date: 2020-04-23  11:06:56

Start-Date: 2020-04-23  11:06:58
Commandline: apt-get install --reinstall bash
Reinstall: bash:amd64 (5.0-6ubuntu1)
End-Date: 2020-04-23  11:06:58

Start-Date: 2020-04-23  11:07:00
Commandline: apt-get install --reinstall bsdutils
Reinstall: bsdutils:amd64 (1:2.34-0.1ubuntu9)
End-Date: 2020-04-23  11:07:00

Start-Date: 2020-04-23  11:07:01
Commandline: apt-get install --reinstall bzip2
Reinstall: bzip2:amd64 (1.0.8-2)
End-Date: 2020-04-23  11:07:02

Start-Date: 2020-04-23  11:07:03
Commandline: apt-get install --reinstall coreutils
Reinstall: coreutils:amd64 (8.30-3ubuntu2)
End-Date: 2020-04-23  11:07:04

Start-Date: 2020-04-23  11:07:05
Commandline: apt-get install --reinstall dash
Reinstall: dash:amd64 (0.5.10.2-6)
End-Date: 2020-04-23  11:07:06

Start-Date: 2020-04-23  11:07:07
Commandline: apt-get install --reinstall debconf
Reinstall: debconf:amd64 (1.5.73)
End-Date: 2020-04-23  11:07:07

Start-Date: 2020-04-23  11:07:09
Commandline: apt-get install --reinstall debianutils
Reinstall: debianutils:amd64 (4.9.1)
End-Date: 2020-04-23  11:07:09

Start-Date: 2020-04-23  11:07:10
Commandline: apt-get install --reinstall diffutils
Reinstall: diffutils:amd64 (1:3.7-3)
End-Date: 2020-04-23  11:07:11

Start-Date: 2020-04-23  11:07:12
Commandline: apt-get install --reinstall dpkg
Reinstall: dpkg:amd64 (1.19.7ubuntu3)
End-Date: 2020-04-23  11:07:13

Start-Date: 2020-04-23  11:07:14
Commandline: apt-get install --reinstall e2fsprogs
Reinstall: e2fsprogs:amd64 (1.45.5-2ubuntu1)
End-Date: 2020-04-23  11:07:15

Start-Date: 2020-04-23  11:07:16
Commandline: apt-get install --reinstall fdisk
Reinstall: fdisk:amd64 (2.34-0.1ubuntu9)
End-Date: 2020-04-23  11:07:16

Start-Date: 2020-04-23  11:07:18
Commandline: apt-get install --reinstall findutils
Reinstall: findutils:amd64 (4.7.0-1ubuntu1)
End-Date: 2020-04-23  11:07:18

Start-Date: 2020-04-23  11:07:19
Commandline: apt-get install --reinstall gcc-10-base:amd64
Reinstall: gcc-10-base:amd64 (10-20200411-0ubuntu1)
End-Date: 2020-04-23  11:07:20

Start-Date: 2020-04-23  11:07:21
Commandline: apt-get install --reinstall gpgv
Reinstall: gpgv:amd64 (2.2.19-3ubuntu2)
End-Date: 2020-04-23  11:07:22

Start-Date: 2020-04-23  11:07:23
Commandline: apt-get install --reinstall grep
Reinstall: grep:amd64 (3.4-1)
End-Date: 2020-04-23  11:07:24

Start-Date: 2020-04-23  11:07:25
Commandline: apt-get install --reinstall gzip
Reinstall: gzip:amd64 (1.10-0ubuntu4)
End-Date: 2020-04-23  11:07:25

Start-Date: 2020-04-23  11:07:26
Commandline: apt-get install --reinstall hostname
Reinstall: hostname:amd64 (3.23)
End-Date: 2020-04-23  11:07:27

Start-Date: 2020-04-23  11:07:28
Commandline: apt-get install --reinstall init-system-helpers
Reinstall: init-system-helpers:amd64 (1.57)
End-Date: 2020-04-23  11:07:29

Start-Date: 2020-04-23  11:07:30
Commandline: apt-get install --reinstall libacl1:amd64
Reinstall: libacl1:amd64 (2.2.53-6)
End-Date: 2020-04-23  11:07:30

Start-Date: 2020-04-23  11:07:32
Commandline: apt-get install --reinstall libapt-pkg6.0:amd64
Reinstall: libapt-pkg6.0:amd64 (2.0.2)
End-Date: 2020-04-23  11:07:32

Start-Date: 2020-04-23  11:07:33
Commandline: apt-get install --reinstall libattr1:amd64
Reinstall: libattr1:amd64 (1:2.4.48-5)
End-Date: 2020-04-23  11:07:34

Start-Date: 2020-04-23  11:07:35
Commandline: apt-get install --reinstall libaudit-common
Reinstall: libaudit-common:amd64 (1:2.8.5-2ubuntu6)
End-Date: 2020-04-23  11:07:36

Start-Date: 2020-04-23  11:07:37
Commandline: apt-get install --reinstall libaudit1:amd64
Reinstall: libaudit1:amd64 (1:2.8.5-2ubuntu6)
End-Date: 2020-04-23  11:07:38

Start-Date: 2020-04-23  11:07:39
Commandline: apt-get install --reinstall libblkid1:amd64
Reinstall: libblkid1:amd64 (2.34-0.1ubuntu9)
End-Date: 2020-04-23  11:07:39

Start-Date: 2020-04-23  11:07:40
Commandline: apt-get install --reinstall libbz2-1.0:amd64
Reinstall: libbz2-1.0:amd64 (1.0.8-2)
End-Date: 2020-04-23  11:07:41

Start-Date: 2020-04-23  11:07:42
Commandline: apt-get install --reinstall libc-bin
Reinstall: libc-bin:amd64 (2.31-0ubuntu9)
End-Date: 2020-04-23  11:07:43

Start-Date: 2020-04-23  11:07:44
Commandline: apt-get install --reinstall libc6:amd64
Reinstall: libc6:amd64 (2.31-0ubuntu9)
End-Date: 2020-04-23  11:07:46

Start-Date: 2020-04-23  11:07:47
Commandline: apt-get install --reinstall libcap-ng0:amd64
Reinstall: libcap-ng0:amd64 (0.7.9-2.1build1)
End-Date: 2020-04-23  11:07:48

Start-Date: 2020-04-23  11:07:49
Commandline: apt-get install --reinstall libcom-err2:amd64
Reinstall: libcom-err2:amd64 (1.45.5-2ubuntu1)
End-Date: 2020-04-23  11:07:49

Start-Date: 2020-04-23  11:07:51
Commandline: apt-get install --reinstall libcrypt1:amd64
Reinstall: libcrypt1:amd64 (1:4.4.10-10ubuntu4)
End-Date: 2020-04-23  11:07:51

Start-Date: 2020-04-23  11:07:52
Commandline: apt-get install --reinstall libdb5.3:amd64
Reinstall: libdb5.3:amd64 (5.3.28+dfsg1-0.6ubuntu2)
End-Date: 2020-04-23  11:07:53

Start-Date: 2020-04-23  11:07:54
Commandline: apt-get install --reinstall libdebconfclient0:amd64
Reinstall: libdebconfclient0:amd64 (0.251ubuntu1)
End-Date: 2020-04-23  11:07:55

Start-Date: 2020-04-23  11:07:56
Commandline: apt-get install --reinstall libext2fs2:amd64
Reinstall: libext2fs2:amd64 (1.45.5-2ubuntu1)
End-Date: 2020-04-23  11:07:56

Start-Date: 2020-04-23  11:07:58
Commandline: apt-get install --reinstall libfdisk1:amd64
Reinstall: libfdisk1:amd64 (2.34-0.1ubuntu9)
End-Date: 2020-04-23  11:07:58

Start-Date: 2020-04-23  11:07:59
Commandline: apt-get install --reinstall libffi7:amd64
Reinstall: libffi7:amd64 (3.3-4)
End-Date: 2020-04-23  11:08:00

Start-Date: 2020-04-23  11:08:01
Commandline: apt-get install --reinstall libgcc-s1:amd64
Reinstall: libgcc-s1:amd64 (10-20200411-0ubuntu1)
End-Date: 2020-04-23  11:08:01

Start-Date: 2020-04-23  11:08:03
Commandline: apt-get install --reinstall libgcrypt20:amd64
Reinstall: libgcrypt20:amd64 (1.8.5-5ubuntu1)
End-Date: 2020-04-23  11:08:03

Start-Date: 2020-04-23  11:08:04
Commandline: apt-get install --reinstall libgmp10:amd64
Reinstall: libgmp10:amd64 (2:6.2.0+dfsg-4)
End-Date: 2020-04-23  11:08:05

Start-Date: 2020-04-23  11:08:06
Commandline: apt-get install --reinstall libgnutls30:amd64
Reinstall: libgnutls30:amd64 (3.6.13-2ubuntu1)
End-Date: 2020-04-23  11:08:07

Start-Date: 2020-04-23  11:08:08
Commandline: apt-get install --reinstall libgpg-error0:amd64
Reinstall: libgpg-error0:amd64 (1.37-1)
End-Date: 2020-04-23  11:08:08

Start-Date: 2020-04-23  11:08:10
Commandline: apt-get install --reinstall libhogweed5:amd64
Reinstall: libhogweed5:amd64 (3.5.1+really3.5.1-2)
End-Date: 2020-04-23  11:08:10

Start-Date: 2020-04-23  11:08:11
Commandline: apt-get install --reinstall libidn2-0:amd64
Reinstall: libidn2-0:amd64 (2.2.0-2)
End-Date: 2020-04-23  11:08:12

Start-Date: 2020-04-23  11:08:13
Commandline: apt-get install --reinstall liblz4-1:amd64
Reinstall: liblz4-1:amd64 (1.9.2-2)
End-Date: 2020-04-23  11:08:14

Start-Date: 2020-04-23  11:08:15
Commandline: apt-get install --reinstall liblzma5:amd64
Reinstall: liblzma5:amd64 (5.2.4-1)
End-Date: 2020-04-23  11:08:15

Start-Date: 2020-04-23  11:08:16
Commandline: apt-get install --reinstall libmount1:amd64
Reinstall: libmount1:amd64 (2.34-0.1ubuntu9)
End-Date: 2020-04-23  11:08:17

Start-Date: 2020-04-23  11:08:18
Commandline: apt-get install --reinstall libncurses6:amd64
Reinstall: libncurses6:amd64 (6.2-0ubuntu2)
End-Date: 2020-04-23  11:08:19

Start-Date: 2020-04-23  11:08:20
Commandline: apt-get install --reinstall libncursesw6:amd64
Reinstall: libncursesw6:amd64 (6.2-0ubuntu2)
End-Date: 2020-04-23  11:08:20

Start-Date: 2020-04-23  11:08:21
Commandline: apt-get install --reinstall libnettle7:amd64
Reinstall: libnettle7:amd64 (3.5.1+really3.5.1-2)
End-Date: 2020-04-23  11:08:22

Start-Date: 2020-04-23  11:08:23
Commandline: apt-get install --reinstall libp11-kit0:amd64
Reinstall: libp11-kit0:amd64 (0.23.20-1build1)
End-Date: 2020-04-23  11:08:24

Start-Date: 2020-04-23  11:08:25
Commandline: apt-get install --reinstall libpam-modules:amd64
Reinstall: libpam-modules:amd64 (1.3.1-5ubuntu4)
End-Date: 2020-04-23  11:08:25

Start-Date: 2020-04-23  11:08:27
Commandline: apt-get install --reinstall libpam-modules-bin
Reinstall: libpam-modules-bin:amd64 (1.3.1-5ubuntu4)
End-Date: 2020-04-23  11:08:27

Start-Date: 2020-04-23  11:08:28
Commandline: apt-get install --reinstall libpam-runtime
Reinstall: libpam-runtime:amd64 (1.3.1-5ubuntu4)
End-Date: 2020-04-23  11:08:29

Start-Date: 2020-04-23  11:08:30
Commandline: apt-get install --reinstall libpam0g:amd64
Reinstall: libpam0g:amd64 (1.3.1-5ubuntu4)
End-Date: 2020-04-23  11:08:31

Start-Date: 2020-04-23  11:08:32
Commandline: apt-get install --reinstall libpcre2-8-0:amd64
Reinstall: libpcre2-8-0:amd64 (10.34-7)
End-Date: 2020-04-23  11:08:33

Start-Date: 2020-04-23  11:08:34
Commandline: apt-get install --reinstall libpcre3:amd64
Reinstall: libpcre3:amd64 (2:8.39-12build1)
End-Date: 2020-04-23  11:08:34

Start-Date: 2020-04-23  11:08:36
Commandline: apt-get install --reinstall libprocps8:amd64
Reinstall: libprocps8:amd64 (2:3.3.16-1ubuntu2)
End-Date: 2020-04-23  11:08:36

Start-Date: 2020-04-23  11:08:37
Commandline: apt-get install --reinstall libseccomp2:amd64
Reinstall: libseccomp2:amd64 (2.4.3-1ubuntu1)
End-Date: 2020-04-23  11:08:38

Start-Date: 2020-04-23  11:08:39
Commandline: apt-get install --reinstall libselinux1:amd64
Reinstall: libselinux1:amd64 (3.0-1build2)
End-Date: 2020-04-23  11:08:39

Start-Date: 2020-04-23  11:08:41
Commandline: apt-get install --reinstall libsemanage-common
Reinstall: libsemanage-common:amd64 (3.0-1build2)
End-Date: 2020-04-23  11:08:41

Start-Date: 2020-04-23  11:08:42
Commandline: apt-get install --reinstall libsemanage1:amd64
Reinstall: libsemanage1:amd64 (3.0-1build2)
End-Date: 2020-04-23  11:08:43

Start-Date: 2020-04-23  11:08:44
Commandline: apt-get install --reinstall libsepol1:amd64
Reinstall: libsepol1:amd64 (3.0-1)
End-Date: 2020-04-23  11:08:45

Start-Date: 2020-04-23  11:08:46
Commandline: apt-get install --reinstall libsmartcols1:amd64
Reinstall: libsmartcols1:amd64 (2.34-0.1ubuntu9)
End-Date: 2020-04-23  11:08:46

Start-Date: 2020-04-23  11:08:47
Commandline: apt-get install --reinstall libss2:amd64
Reinstall: libss2:amd64 (1.45.5-2ubuntu1)
End-Date: 2020-04-23  11:08:48

Start-Date: 2020-04-23  11:08:49
Commandline: apt-get install --reinstall libstdc++6:amd64
Reinstall: libstdc++6:amd64 (10-20200411-0ubuntu1)
End-Date: 2020-04-23  11:08:50

Start-Date: 2020-04-23  11:08:51
Commandline: apt-get install --reinstall libsystemd0:amd64
Reinstall: libsystemd0:amd64 (245.4-4ubuntu3)
End-Date: 2020-04-23  11:08:51

Start-Date: 2020-04-23  11:08:53
Commandline: apt-get install --reinstall libtasn1-6:amd64
Reinstall: libtasn1-6:amd64 (4.16.0-2)
End-Date: 2020-04-23  11:08:53

Start-Date: 2020-04-23  11:08:54
Commandline: apt-get install --reinstall libtinfo6:amd64
Reinstall: libtinfo6:amd64 (6.2-0ubuntu2)
End-Date: 2020-04-23  11:08:55

Start-Date: 2020-04-23  11:08:56
Commandline: apt-get install --reinstall libudev1:amd64
Reinstall: libudev1:amd64 (245.4-4ubuntu3)
End-Date: 2020-04-23  11:08:57

Start-Date: 2020-04-23  11:08:58
Commandline: apt-get install --reinstall libunistring2:amd64
Reinstall: libunistring2:amd64 (0.9.10-2)
End-Date: 2020-04-23  11:08:58

Start-Date: 2020-04-23  11:09:00
Commandline: apt-get install --reinstall libuuid1:amd64
Reinstall: libuuid1:amd64 (2.34-0.1ubuntu9)
End-Date: 2020-04-23  11:09:00

Start-Date: 2020-04-23  11:09:01
Commandline: apt-get install --reinstall libzstd1:amd64
Reinstall: libzstd1:amd64 (1.4.4+dfsg-3)
End-Date: 2020-04-23  11:09:02

Start-Date: 2020-04-23  11:09:03
Commandline: apt-get install --reinstall login
Reinstall: login:amd64 (1:4.8.1-1ubuntu5)
End-Date: 2020-04-23  11:09:04

Start-Date: 2020-04-23  11:09:05
Commandline: apt-get install --reinstall logsave
Reinstall: logsave:amd64 (1.45.5-2ubuntu1)
End-Date: 2020-04-23  11:09:05

Start-Date: 2020-04-23  11:09:06
Commandline: apt-get install --reinstall lsb-base
Reinstall: lsb-base:amd64 (11.1.0ubuntu2)
End-Date: 2020-04-23  11:09:07

Start-Date: 2020-04-23  11:09:08
Commandline: apt-get install --reinstall mawk
Reinstall: mawk:amd64 (1.3.4.20200120-2)
End-Date: 2020-04-23  11:09:09

Start-Date: 2020-04-23  11:09:10
Commandline: apt-get install --reinstall mount
Reinstall: mount:amd64 (2.34-0.1ubuntu9)
End-Date: 2020-04-23  11:09:10

Start-Date: 2020-04-23  11:09:11
Commandline: apt-get install --reinstall ncurses-base
Reinstall: ncurses-base:amd64 (6.2-0ubuntu2)
End-Date: 2020-04-23  11:09:12

Start-Date: 2020-04-23  11:09:13
Commandline: apt-get install --reinstall ncurses-bin
Reinstall: ncurses-bin:amd64 (6.2-0ubuntu2)
End-Date: 2020-04-23  11:09:14

Start-Date: 2020-04-23  11:09:15
Commandline: apt-get install --reinstall passwd
Reinstall: passwd:amd64 (1:4.8.1-1ubuntu5)
End-Date: 2020-04-23  11:09:15

Start-Date: 2020-04-23  11:09:17
Commandline: apt-get install --reinstall perl-base
Reinstall: perl-base:amd64 (5.30.0-9build1)
End-Date: 2020-04-23  11:09:18

Start-Date: 2020-04-23  11:09:19
Commandline: apt-get install --reinstall procps
Reinstall: procps:amd64 (2:3.3.16-1ubuntu2)
End-Date: 2020-04-23  11:09:19

Start-Date: 2020-04-23  11:09:20
Commandline: apt-get install --reinstall sed
Reinstall: sed:amd64 (4.7-1)
End-Date: 2020-04-23  11:09:21

Start-Date: 2020-04-23  11:09:22
Commandline: apt-get install --reinstall sensible-utils
Reinstall: sensible-utils:amd64 (0.0.12+nmu1)
End-Date: 2020-04-23  11:09:23

Start-Date: 2020-04-23  11:09:24
Commandline: apt-get install --reinstall sysvinit-utils
Reinstall: sysvinit-utils:amd64 (2.96-2.1ubuntu1)
End-Date: 2020-04-23  11:09:24

Start-Date: 2020-04-23  11:09:26
Commandline: apt-get install --reinstall tar
Reinstall: tar:amd64 (1.30+dfsg-7)
End-Date: 2020-04-23  11:09:26

Start-Date: 2020-04-23  11:09:27
Commandline: apt-get install --reinstall ubuntu-keyring
Reinstall: ubuntu-keyring:amd64 (2020.02.11.2)
End-Date: 2020-04-23  11:09:28

Start-Date: 2020-04-23  11:09:29
Commandline: apt-get install --reinstall util-linux
Reinstall: util-linux:amd64 (2.34-0.1ubuntu9)
End-Date: 2020-04-23  11:09:30

Start-Date: 2020-04-23  11:09:31
Commandline: apt-get install --reinstall zlib1g:amd64
Reinstall: zlib1g:amd64 (1:1.2.11.dfsg-2ubuntu1)
End-Date: 2020-04-23  11:09:32

Start-Date: 2020-06-02  04:19:24
Commandline: apt-get dist-upgrade -y
Upgrade: libsystemd0:amd64 (245.4-4ubuntu3, 245.4-4ubuntu3.1), apt:amd64 (2.0.2, 2.0.2ubuntu0.1), libapt-pkg6.0:amd64 (2.0.2, 2.0.2ubuntu0.1), libudev1:amd64 (245.4-4ubuntu3, 245.4-4ubuntu3.1)
End-Date: 2020-06-02  04:19:26

Start-Date: 2020-06-02  04:19:30
Commandline: apt-get install -y --no-install-recommends tini
Install: tini:amd64 (0.18.0-1)
End-Date: 2020-06-02  04:19:30

Start-Date: 2020-06-02  04:19:32
Commandline: apt-get -y install tzdata
Install: tzdata:amd64 (2020a-0ubuntu0.20.04)
End-Date: 2020-06-02  04:19:33

Start-Date: 2020-06-19  04:18:21
Commandline: apt-get install -y flex bison build-essential wget
Install: libmpc3:amd64 (1.1.0-1, automatic), libgssapi3-heimdal:amd64 (7.7.0+dfsg-1ubuntu1, automatic), manpages:amd64 (5.05-1, automatic), libwind0-heimdal:amd64 (7.7.0+dfsg-1ubuntu1, automatic), publicsuffix:amd64 (20200303.0012-1, automatic), gnupg-utils:amd64 (2.2.19-3ubuntu2, automatic), libsasl2-modules-db:amd64 (2.1.27+dfsg-2, automatic), m4:amd64 (1.4.18-4, automatic), linux-libc-dev:amd64 (5.4.0-37.41, automatic), gpg-wks-client:amd64 (2.2.19-3ubuntu2, automatic), libldap-2.4-2:amd64 (2.4.49+dfsg-2ubuntu1.2, automatic), libmpfr6:amd64 (4.0.2-1, automatic), gcc-9-base:amd64 (9.3.0-10ubuntu2, automatic), openssl:amd64 (1.1.1f-1ubuntu2, automatic), gnupg-l10n:amd64 (2.2.19-3ubuntu2, automatic), libfakeroot:amd64 (1.24-1, automatic), libc6-dev:amd64 (2.31-0ubuntu9, automatic), libctf-nobfd0:amd64 (2.34-6ubuntu1, automatic), libfl2:amd64 (2.6.4-6.2, automatic), libheimntlm0-heimdal:amd64 (7.7.0+dfsg-1ubuntu1, automatic), libksba8:amd64 (1.3.5-2, automatic), cpp-9:amd64 (9.3.0-10ubuntu2, automatic), libpsl5:amd64 (0.21.0-1ubuntu1, automatic), libalgorithm-diff-perl:amd64 (1.19.03-2, automatic), libsqlite3-0:amd64 (3.31.1-4ubuntu0.1, automatic), libalgorithm-merge-perl:amd64 (0.08-3, automatic), binutils:amd64 (2.34-6ubuntu1, automatic), cpp:amd64 (4:9.3.0-1ubuntu2, automatic), libitm1:amd64 (10-20200411-0ubuntu1, automatic), g++:amd64 (4:9.3.0-1ubuntu2, automatic), perl-modules-5.30:amd64 (5.30.0-9build1, automatic), libheimbase1-heimdal:amd64 (7.7.0+dfsg-1ubuntu1, automatic), gpg-wks-server:amd64 (2.2.19-3ubuntu2, automatic), netbase:amd64 (6.1, automatic), gcc:amd64 (4:9.3.0-1ubuntu2, automatic), liblocale-gettext-perl:amd64 (1.07-4, automatic), gpg:amd64 (2.2.19-3ubuntu2, automatic), libsasl2-2:amd64 (2.1.27+dfsg-2, automatic), libasan5:amd64 (9.3.0-10ubuntu2, automatic), readline-common:amd64 (8.0-4, automatic), libquadmath0:amd64 (10-20200411-0ubuntu1, automatic), libassuan0:amd64 (2.5.3-7ubuntu2, automatic), libisl22:amd64 (0.22.1-1, automatic), libstdc++-9-dev:amd64 (9.3.0-10ubuntu2, automatic), build-essential:amd64 (12.8ubuntu1), libfile-fcntllock-perl:amd64 (0.22-3build4, automatic), dirmngr:amd64 (2.2.19-3ubuntu2, automatic), libperl5.30:amd64 (5.30.0-9build1, automatic), binutils-x86-64-linux-gnu:amd64 (2.34-6ubuntu1, automatic), libcrypt-dev:amd64 (1:4.4.10-10ubuntu4, automatic), libtsan0:amd64 (10-20200411-0ubuntu1, automatic), libsasl2-modules:amd64 (2.1.27+dfsg-2, automatic), libubsan1:amd64 (10-20200411-0ubuntu1, automatic), g++-9:amd64 (9.3.0-10ubuntu2, automatic), make:amd64 (4.2.1-1.2, automatic), fakeroot:amd64 (1.24-1, automatic), libldap-common:amd64 (2.4.49+dfsg-2ubuntu1.2, automatic), libgdbm6:amd64 (1.18.1-5, automatic), gcc-9:amd64 (9.3.0-10ubuntu2, automatic), libhcrypto4-heimdal:amd64 (7.7.0+dfsg-1ubuntu1, automatic), xz-utils:amd64 (5.2.4-1, automatic), liblsan0:amd64 (10-20200411-0ubuntu1, automatic), libgomp1:amd64 (10-20200411-0ubuntu1, automatic), libreadline8:amd64 (8.0-4, automatic), manpages-dev:amd64 (5.05-1, automatic), binutils-common:amd64 (2.34-6ubuntu1, automatic), libc-dev-bin:amd64 (2.31-0ubuntu9, automatic), libbinutils:amd64 (2.34-6ubuntu1, automatic), libroken18-heimdal:amd64 (7.7.0+dfsg-1ubuntu1, automatic), ca-certificates:amd64 (20190110ubuntu1.1, automatic), perl:amd64 (5.30.0-9build1, automatic), libasn1-8-heimdal:amd64 (7.7.0+dfsg-1ubuntu1, automatic), libkrb5-26-heimdal:amd64 (7.7.0+dfsg-1ubuntu1, automatic), wget:amd64 (1.20.3-1ubuntu1), flex:amd64 (2.6.4-6.2), libatomic1:amd64 (10-20200411-0ubuntu1, automatic), bison:amd64 (2:3.5.1+dfsg-1), libssl1.1:amd64 (1.1.1f-1ubuntu2, automatic), gnupg:amd64 (2.2.19-3ubuntu2, automatic), libcc1-0:amd64 (10-20200411-0ubuntu1, automatic), libgdbm-compat4:amd64 (1.18.1-5, automatic), pinentry-curses:amd64 (1.1.0-3build1, automatic), libnpth0:amd64 (1.6-1, automatic), libdpkg-perl:amd64 (1.19.7ubuntu3, automatic), libhx509-5-heimdal:amd64 (7.7.0+dfsg-1ubuntu1, automatic), patch:amd64 (2.7.6-6, automatic), libfl-dev:amd64 (2.6.4-6.2, automatic), gpg-agent:amd64 (2.2.19-3ubuntu2, automatic), libalgorithm-diff-xs-perl:amd64 (0.04-6, automatic), gpgconf:amd64 (2.2.19-3ubuntu2, automatic), libctf0:amd64 (2.34-6ubuntu1, automatic), libgcc-9-dev:amd64 (9.3.0-10ubuntu2, automatic), gpgsm:amd64 (2.2.19-3ubuntu2, automatic), dpkg-dev:amd64 (1.19.7ubuntu3, automatic), libsigsegv2:amd64 (2.12-2, automatic)
End-Date: 2020-06-19  04:18:48
